2026-01-22 06:15:02,555 | INFO | app | [ENV] Workflow running in ENV=LIVE
2026-01-22 06:15:02,575 | INFO | app | [ARCHIVE] No COMPLETE orders eligible for archiving.
2026-01-22 06:15:02,575 | INFO | app | [MAINT] No run history eligible for purging.
2026-01-22 06:15:03,002 | INFO | job_p4 | Existing Plant4 job found for SO 250351: 907108
2026-01-22 06:15:03,050 | INFO | app | [Phase2B FETCH] so4=250351 job=907108 rows=1 groups=['P4-PF']
2026-01-22 06:15:03,051 | INFO | app | [Phase2B] WAITING_POLYTEX_RECONFIRM: so4=250351 job=907108 item=16P4-2300-JMS01-0078 reqgroup=P4-PF snapshot_qty=410364.0 pvreq_qty=410364.0 (PV_Req unchanged; skipping Phase2B)
2026-01-22 06:15:03,079 | INFO | eligibility | Eligible LWS SOs since 12/26/2025: 200
2026-01-22 06:15:03,152 | INFO | app | [REMOVED] Skipping removed orders: [250666, 250506, 250504]
2026-01-22 06:15:03,238 | INFO | job_p4 | Existing Plant4 job found for SO 251207: 907822
2026-01-22 06:15:03,254 | ERROR | app | PRINTED_FILM_MISMATCH: SO=251207 BASE=2300-ALP41-0012 Expected=16P4-2300-ALP41-0012 InvalidPrinted=['16P4-2300-ALP41-0015'] AllPrinted=['16P4-2300-ALP41-0015']
2026-01-22 06:15:03,265 | INFO | app | [FILM VALIDATION EMAIL] Duplicate suppressed for SO=251207 (sent_ts=2026-01-21T18:45:17) sig=3fe6ccf6f4243f41e8ea5963ac0724f88a2856f0
2026-01-22 06:15:03,265 | ERROR | app | Order 251207 FAILED at REQS_P4: PRINTED_FILM_MISMATCH: SO=251207 BASE=2300-ALP41-0012 Expected=16P4-2300-ALP41-0012 InvalidPrinted=['16P4-2300-ALP41-0015'] AllPrinted=['16P4-2300-ALP41-0015']
2026-01-22 06:15:03,280 | INFO | app | [FAIL EMAIL] Skipping duplicate failure email for SO 251207 (same signature).
2026-01-22 06:15:03,842 | INFO | job_p4 | Existing Plant4 job found for SO 251044: 907736
2026-01-22 06:15:03,862 | INFO | app | [FILM VALIDATION ✅] so=251044 base=2300-ALP41-0015 expected=16P4-2300-ALP41-0015 printed_found=['16P4-2300-ALP41-0015']
2026-01-22 06:15:04,252 | INFO | job_p4 | Existing Plant4 job found for SO 251043: 907737
2026-01-22 06:15:04,276 | INFO | app | [FILM VALIDATION ✅] so=251043 base=2300-ALP41-0016 expected=16P4-2300-ALP41-0016 printed_found=['16P4-2300-ALP41-0016']
2026-01-22 06:25:02,544 | INFO | app | [ENV] Workflow running in ENV=LIVE
2026-01-22 06:25:02,548 | INFO | app | [ARCHIVE] No COMPLETE orders eligible for archiving.
2026-01-22 06:25:02,549 | INFO | app | [MAINT] No run history eligible for purging.
2026-01-22 06:25:02,956 | INFO | job_p4 | Existing Plant4 job found for SO 250351: 907108
2026-01-22 06:25:02,996 | INFO | app | [Phase2B FETCH] so4=250351 job=907108 rows=1 groups=['P4-PF']
2026-01-22 06:25:02,997 | INFO | app | [Phase2B] WAITING_POLYTEX_RECONFIRM: so4=250351 job=907108 item=16P4-2300-JMS01-0078 reqgroup=P4-PF snapshot_qty=410364.0 pvreq_qty=410364.0 (PV_Req unchanged; skipping Phase2B)
2026-01-22 06:25:03,029 | INFO | eligibility | Eligible LWS SOs since 12/26/2025: 200
2026-01-22 06:25:03,096 | INFO | app | [REMOVED] Skipping removed orders: [250666, 250506, 250504]
2026-01-22 06:25:03,142 | INFO | job_p4 | Existing Plant4 job found for SO 251207: 907822
2026-01-22 06:25:03,166 | ERROR | app | PRINTED_FILM_MISMATCH: SO=251207 BASE=2300-ALP41-0012 Expected=16P4-2300-ALP41-0012 InvalidPrinted=['16P4-2300-ALP41-0015'] AllPrinted=['16P4-2300-ALP41-0015']
2026-01-22 06:25:03,180 | INFO | app | [FILM VALIDATION EMAIL] Duplicate suppressed for SO=251207 (sent_ts=2026-01-21T18:45:17) sig=3fe6ccf6f4243f41e8ea5963ac0724f88a2856f0
2026-01-22 06:25:03,180 | ERROR | app | Order 251207 FAILED at REQS_P4: PRINTED_FILM_MISMATCH: SO=251207 BASE=2300-ALP41-0012 Expected=16P4-2300-ALP41-0012 InvalidPrinted=['16P4-2300-ALP41-0015'] AllPrinted=['16P4-2300-ALP41-0015']
2026-01-22 06:25:03,191 | INFO | app | [FAIL EMAIL] Skipping duplicate failure email for SO 251207 (same signature).
2026-01-22 06:25:03,517 | INFO | job_p4 | Existing Plant4 job found for SO 251044: 907736
2026-01-22 06:25:03,535 | INFO | app | [FILM VALIDATION ✅] so=251044 base=2300-ALP41-0015 expected=16P4-2300-ALP41-0015 printed_found=['16P4-2300-ALP41-0015']
2026-01-22 06:25:03,796 | INFO | job_p4 | Existing Plant4 job found for SO 251043: 907737
2026-01-22 06:25:03,844 | INFO | app | [FILM VALIDATION ✅] so=251043 base=2300-ALP41-0016 expected=16P4-2300-ALP41-0016 printed_found=['16P4-2300-ALP41-0016']
2026-01-22 06:35:02,671 | INFO | app | [ENV] Workflow running in ENV=LIVE
2026-01-22 06:35:02,676 | INFO | app | [ARCHIVE] No COMPLETE orders eligible for archiving.
2026-01-22 06:35:02,677 | INFO | app | [MAINT] No run history eligible for purging.
2026-01-22 06:35:03,072 | INFO | job_p4 | Existing Plant4 job found for SO 250351: 907108
2026-01-22 06:35:03,122 | INFO | app | [Phase2B FETCH] so4=250351 job=907108 rows=1 groups=['P4-PF']
2026-01-22 06:35:03,122 | INFO | app | [Phase2B] WAITING_POLYTEX_RECONFIRM: so4=250351 job=907108 item=16P4-2300-JMS01-0078 reqgroup=P4-PF snapshot_qty=410364.0 pvreq_qty=410364.0 (PV_Req unchanged; skipping Phase2B)
2026-01-22 06:35:03,143 | INFO | eligibility | Eligible LWS SOs since 12/26/2025: 200
2026-01-22 06:35:03,213 | INFO | app | [REMOVED] Skipping removed orders: [250666, 250506, 250504]
2026-01-22 06:35:03,319 | INFO | job_p4 | Existing Plant4 job found for SO 251207: 907822
2026-01-22 06:35:03,342 | ERROR | app | PRINTED_FILM_MISMATCH: SO=251207 BASE=2300-ALP41-0012 Expected=16P4-2300-ALP41-0012 InvalidPrinted=['16P4-2300-ALP41-0015'] AllPrinted=['16P4-2300-ALP41-0015']
2026-01-22 06:35:03,360 | INFO | app | [FILM VALIDATION EMAIL] Duplicate suppressed for SO=251207 (sent_ts=2026-01-21T18:45:17) sig=3fe6ccf6f4243f41e8ea5963ac0724f88a2856f0
2026-01-22 06:35:03,360 | ERROR | app | Order 251207 FAILED at REQS_P4: PRINTED_FILM_MISMATCH: SO=251207 BASE=2300-ALP41-0012 Expected=16P4-2300-ALP41-0012 InvalidPrinted=['16P4-2300-ALP41-0015'] AllPrinted=['16P4-2300-ALP41-0015']
2026-01-22 06:35:03,377 | INFO | app | [FAIL EMAIL] Skipping duplicate failure email for SO 251207 (same signature).
2026-01-22 06:35:03,713 | INFO | job_p4 | Existing Plant4 job found for SO 251044: 907736
2026-01-22 06:35:03,735 | INFO | app | [FILM VALIDATION ✅] so=251044 base=2300-ALP41-0015 expected=16P4-2300-ALP41-0015 printed_found=['16P4-2300-ALP41-0015']
2026-01-22 06:35:03,979 | INFO | job_p4 | Existing Plant4 job found for SO 251043: 907737
2026-01-22 06:35:03,996 | INFO | app | [FILM VALIDATION ✅] so=251043 base=2300-ALP41-0016 expected=16P4-2300-ALP41-0016 printed_found=['16P4-2300-ALP41-0016']
2026-01-22 06:45:02,614 | INFO | app | [ENV] Workflow running in ENV=LIVE
2026-01-22 06:45:02,619 | INFO | app | [ARCHIVE] No COMPLETE orders eligible for archiving.
2026-01-22 06:45:02,619 | INFO | app | [MAINT] No run history eligible for purging.
2026-01-22 06:45:03,032 | INFO | job_p4 | Existing Plant4 job found for SO 250351: 907108
2026-01-22 06:45:03,080 | INFO | app | [Phase2B FETCH] so4=250351 job=907108 rows=1 groups=['P4-PF']
2026-01-22 06:45:03,080 | INFO | app | [Phase2B] WAITING_POLYTEX_RECONFIRM: so4=250351 job=907108 item=16P4-2300-JMS01-0078 reqgroup=P4-PF snapshot_qty=410364.0 pvreq_qty=410364.0 (PV_Req unchanged; skipping Phase2B)
2026-01-22 06:45:03,101 | INFO | eligibility | Eligible LWS SOs since 12/26/2025: 200
2026-01-22 06:45:03,170 | INFO | app | [REMOVED] Skipping removed orders: [250666, 250506, 250504]
2026-01-22 06:45:03,223 | INFO | job_p4 | Existing Plant4 job found for SO 251207: 907822
2026-01-22 06:45:03,240 | ERROR | app | PRINTED_FILM_MISMATCH: SO=251207 BASE=2300-ALP41-0012 Expected=16P4-2300-ALP41-0012 InvalidPrinted=['16P4-2300-ALP41-0015'] AllPrinted=['16P4-2300-ALP41-0015']
2026-01-22 06:45:03,260 | INFO | app | [FILM VALIDATION EMAIL] Duplicate suppressed for SO=251207 (sent_ts=2026-01-21T18:45:17) sig=3fe6ccf6f4243f41e8ea5963ac0724f88a2856f0
2026-01-22 06:45:03,260 | ERROR | app | Order 251207 FAILED at REQS_P4: PRINTED_FILM_MISMATCH: SO=251207 BASE=2300-ALP41-0012 Expected=16P4-2300-ALP41-0012 InvalidPrinted=['16P4-2300-ALP41-0015'] AllPrinted=['16P4-2300-ALP41-0015']
2026-01-22 06:45:03,278 | INFO | app | [FAIL EMAIL] Skipping duplicate failure email for SO 251207 (same signature).
2026-01-22 06:45:03,580 | INFO | job_p4 | Existing Plant4 job found for SO 251044: 907736
2026-01-22 06:45:03,594 | INFO | app | [FILM VALIDATION ✅] so=251044 base=2300-ALP41-0015 expected=16P4-2300-ALP41-0015 printed_found=['16P4-2300-ALP41-0015']
2026-01-22 06:45:03,834 | INFO | job_p4 | Existing Plant4 job found for SO 251043: 907737
2026-01-22 06:45:03,857 | INFO | app | [FILM VALIDATION ✅] so=251043 base=2300-ALP41-0016 expected=16P4-2300-ALP41-0016 printed_found=['16P4-2300-ALP41-0016']
2026-01-22 06:55:02,597 | INFO | app | [ENV] Workflow running in ENV=LIVE
2026-01-22 06:55:02,602 | INFO | app | [ARCHIVE] No COMPLETE orders eligible for archiving.
2026-01-22 06:55:02,603 | INFO | app | [MAINT] No run history eligible for purging.
2026-01-22 06:55:03,015 | INFO | job_p4 | Existing Plant4 job found for SO 250351: 907108
2026-01-22 06:55:03,079 | INFO | app | [Phase2B FETCH] so4=250351 job=907108 rows=1 groups=['P4-PF']
2026-01-22 06:55:03,080 | INFO | app | [Phase2B] WAITING_POLYTEX_RECONFIRM: so4=250351 job=907108 item=16P4-2300-JMS01-0078 reqgroup=P4-PF snapshot_qty=410364.0 pvreq_qty=410364.0 (PV_Req unchanged; skipping Phase2B)
2026-01-22 06:55:03,104 | INFO | eligibility | Eligible LWS SOs since 12/26/2025: 200
2026-01-22 06:55:03,172 | INFO | app | [REMOVED] Skipping removed orders: [250666, 250506, 250504]
2026-01-22 06:55:03,223 | INFO | job_p4 | Existing Plant4 job found for SO 251207: 907822
2026-01-22 06:55:03,265 | ERROR | app | PRINTED_FILM_MISMATCH: SO=251207 BASE=2300-ALP41-0012 Expected=16P4-2300-ALP41-0012 InvalidPrinted=['16P4-2300-ALP41-0015'] AllPrinted=['16P4-2300-ALP41-0015']
2026-01-22 06:55:03,276 | INFO | app | [FILM VALIDATION EMAIL] Duplicate suppressed for SO=251207 (sent_ts=2026-01-21T18:45:17) sig=3fe6ccf6f4243f41e8ea5963ac0724f88a2856f0
2026-01-22 06:55:03,276 | ERROR | app | Order 251207 FAILED at REQS_P4: PRINTED_FILM_MISMATCH: SO=251207 BASE=2300-ALP41-0012 Expected=16P4-2300-ALP41-0012 InvalidPrinted=['16P4-2300-ALP41-0015'] AllPrinted=['16P4-2300-ALP41-0015']
2026-01-22 06:55:03,289 | INFO | app | [FAIL EMAIL] Skipping duplicate failure email for SO 251207 (same signature).
2026-01-22 06:55:03,664 | INFO | job_p4 | Existing Plant4 job found for SO 251044: 907736
2026-01-22 06:55:03,692 | INFO | app | [FILM VALIDATION ✅] so=251044 base=2300-ALP41-0015 expected=16P4-2300-ALP41-0015 printed_found=['16P4-2300-ALP41-0015']
2026-01-22 06:55:03,955 | INFO | job_p4 | Existing Plant4 job found for SO 251043: 907737
2026-01-22 06:55:03,971 | INFO | app | [FILM VALIDATION ✅] so=251043 base=2300-ALP41-0016 expected=16P4-2300-ALP41-0016 printed_found=['16P4-2300-ALP41-0016']
2026-01-22 07:05:02,657 | INFO | app | [ENV] Workflow running in ENV=LIVE
2026-01-22 07:05:02,662 | INFO | app | [ARCHIVE] No COMPLETE orders eligible for archiving.
2026-01-22 07:05:02,663 | INFO | app | [MAINT] No run history eligible for purging.
2026-01-22 07:05:03,083 | INFO | job_p4 | Existing Plant4 job found for SO 250351: 907108
2026-01-22 07:05:03,155 | INFO | app | [Phase2B FETCH] so4=250351 job=907108 rows=1 groups=['P4-PF']
2026-01-22 07:05:03,155 | INFO | app | [Phase2B] WAITING_POLYTEX_RECONFIRM: so4=250351 job=907108 item=16P4-2300-JMS01-0078 reqgroup=P4-PF snapshot_qty=410364.0 pvreq_qty=410364.0 (PV_Req unchanged; skipping Phase2B)
2026-01-22 07:05:03,180 | INFO | eligibility | Eligible LWS SOs since 12/26/2025: 200
2026-01-22 07:05:03,252 | INFO | app | [REMOVED] Skipping removed orders: [250666, 250506, 250504]
2026-01-22 07:05:03,322 | INFO | job_p4 | Existing Plant4 job found for SO 251207: 907822
2026-01-22 07:05:03,347 | ERROR | app | PRINTED_FILM_MISMATCH: SO=251207 BASE=2300-ALP41-0012 Expected=16P4-2300-ALP41-0012 InvalidPrinted=['16P4-2300-ALP41-0015'] AllPrinted=['16P4-2300-ALP41-0015']
2026-01-22 07:05:03,381 | INFO | app | [FILM VALIDATION EMAIL] Duplicate suppressed for SO=251207 (sent_ts=2026-01-21T18:45:17) sig=3fe6ccf6f4243f41e8ea5963ac0724f88a2856f0
2026-01-22 07:05:03,381 | ERROR | app | Order 251207 FAILED at REQS_P4: PRINTED_FILM_MISMATCH: SO=251207 BASE=2300-ALP41-0012 Expected=16P4-2300-ALP41-0012 InvalidPrinted=['16P4-2300-ALP41-0015'] AllPrinted=['16P4-2300-ALP41-0015']
2026-01-22 07:05:03,432 | INFO | app | [FAIL EMAIL] Skipping duplicate failure email for SO 251207 (same signature).
2026-01-22 07:05:04,047 | INFO | job_p4 | Existing Plant4 job found for SO 251044: 907736
2026-01-22 07:05:04,069 | INFO | app | [FILM VALIDATION ✅] so=251044 base=2300-ALP41-0015 expected=16P4-2300-ALP41-0015 printed_found=['16P4-2300-ALP41-0015']
2026-01-22 07:05:04,430 | INFO | job_p4 | Existing Plant4 job found for SO 251043: 907737
2026-01-22 07:05:04,451 | INFO | app | [FILM VALIDATION ✅] so=251043 base=2300-ALP41-0016 expected=16P4-2300-ALP41-0016 printed_found=['16P4-2300-ALP41-0016']
2026-01-22 07:15:02,692 | INFO | app | [ENV] Workflow running in ENV=LIVE
2026-01-22 07:15:02,699 | INFO | app | [ARCHIVE] No COMPLETE orders eligible for archiving.
2026-01-22 07:15:02,700 | INFO | app | [MAINT] No run history eligible for purging.
2026-01-22 07:15:03,134 | INFO | job_p4 | Existing Plant4 job found for SO 250351: 907108
2026-01-22 07:15:03,190 | INFO | app | [Phase2B FETCH] so4=250351 job=907108 rows=1 groups=['P4-PF']
2026-01-22 07:15:03,190 | INFO | app | [Phase2B] WAITING_POLYTEX_RECONFIRM: so4=250351 job=907108 item=16P4-2300-JMS01-0078 reqgroup=P4-PF snapshot_qty=410364.0 pvreq_qty=410364.0 (PV_Req unchanged; skipping Phase2B)
2026-01-22 07:15:03,212 | INFO | eligibility | Eligible LWS SOs since 12/26/2025: 200
2026-01-22 07:15:03,281 | INFO | app | [REMOVED] Skipping removed orders: [250666, 250506, 250504]
2026-01-22 07:15:03,354 | INFO | job_p4 | Existing Plant4 job found for SO 251207: 907822
2026-01-22 07:15:03,378 | ERROR | app | PRINTED_FILM_MISMATCH: SO=251207 BASE=2300-ALP41-0012 Expected=16P4-2300-ALP41-0012 InvalidPrinted=['16P4-2300-ALP41-0015'] AllPrinted=['16P4-2300-ALP41-0015']
2026-01-22 07:15:03,399 | INFO | app | [FILM VALIDATION EMAIL] Duplicate suppressed for SO=251207 (sent_ts=2026-01-21T18:45:17) sig=3fe6ccf6f4243f41e8ea5963ac0724f88a2856f0
2026-01-22 07:15:03,399 | ERROR | app | Order 251207 FAILED at REQS_P4: PRINTED_FILM_MISMATCH: SO=251207 BASE=2300-ALP41-0012 Expected=16P4-2300-ALP41-0012 InvalidPrinted=['16P4-2300-ALP41-0015'] AllPrinted=['16P4-2300-ALP41-0015']
2026-01-22 07:15:03,415 | INFO | app | [FAIL EMAIL] Skipping duplicate failure email for SO 251207 (same signature).
2026-01-22 07:15:03,883 | INFO | job_p4 | Existing Plant4 job found for SO 251044: 907736
2026-01-22 07:15:03,900 | INFO | app | [FILM VALIDATION ✅] so=251044 base=2300-ALP41-0015 expected=16P4-2300-ALP41-0015 printed_found=['16P4-2300-ALP41-0015']
2026-01-22 07:15:04,121 | INFO | job_p4 | Existing Plant4 job found for SO 251043: 907737
2026-01-22 07:15:04,135 | INFO | app | [FILM VALIDATION ✅] so=251043 base=2300-ALP41-0016 expected=16P4-2300-ALP41-0016 printed_found=['16P4-2300-ALP41-0016']
2026-01-22 07:25:02,623 | INFO | app | [ENV] Workflow running in ENV=LIVE
2026-01-22 07:25:02,627 | INFO | app | [ARCHIVE] No COMPLETE orders eligible for archiving.
2026-01-22 07:25:02,628 | INFO | app | [MAINT] No run history eligible for purging.
2026-01-22 07:25:03,033 | INFO | job_p4 | Existing Plant4 job found for SO 250351: 907108
2026-01-22 07:25:03,075 | INFO | app | [Phase2B FETCH] so4=250351 job=907108 rows=1 groups=['P4-PF']
2026-01-22 07:25:03,076 | INFO | app | [Phase2B] WAITING_POLYTEX_RECONFIRM: so4=250351 job=907108 item=16P4-2300-JMS01-0078 reqgroup=P4-PF snapshot_qty=410364.0 pvreq_qty=410364.0 (PV_Req unchanged; skipping Phase2B)
2026-01-22 07:25:03,097 | INFO | eligibility | Eligible LWS SOs since 12/26/2025: 200
2026-01-22 07:25:03,167 | INFO | app | [REMOVED] Skipping removed orders: [250666, 250506, 250504]
2026-01-22 07:25:03,232 | INFO | job_p4 | Existing Plant4 job found for SO 251207: 907822
2026-01-22 07:25:03,245 | ERROR | app | PRINTED_FILM_MISMATCH: SO=251207 BASE=2300-ALP41-0012 Expected=16P4-2300-ALP41-0012 InvalidPrinted=['16P4-2300-ALP41-0015'] AllPrinted=['16P4-2300-ALP41-0015']
2026-01-22 07:25:03,259 | INFO | app | [FILM VALIDATION EMAIL] Duplicate suppressed for SO=251207 (sent_ts=2026-01-21T18:45:17) sig=3fe6ccf6f4243f41e8ea5963ac0724f88a2856f0
2026-01-22 07:25:03,259 | ERROR | app | Order 251207 FAILED at REQS_P4: PRINTED_FILM_MISMATCH: SO=251207 BASE=2300-ALP41-0012 Expected=16P4-2300-ALP41-0012 InvalidPrinted=['16P4-2300-ALP41-0015'] AllPrinted=['16P4-2300-ALP41-0015']
2026-01-22 07:25:03,275 | INFO | app | [FAIL EMAIL] Skipping duplicate failure email for SO 251207 (same signature).
2026-01-22 07:25:03,600 | INFO | job_p4 | Existing Plant4 job found for SO 251044: 907736
2026-01-22 07:25:03,626 | INFO | app | [FILM VALIDATION ✅] so=251044 base=2300-ALP41-0015 expected=16P4-2300-ALP41-0015 printed_found=['16P4-2300-ALP41-0015']
2026-01-22 07:25:03,988 | INFO | job_p4 | Existing Plant4 job found for SO 251043: 907737
2026-01-22 07:25:04,010 | INFO | app | [FILM VALIDATION ✅] so=251043 base=2300-ALP41-0016 expected=16P4-2300-ALP41-0016 printed_found=['16P4-2300-ALP41-0016']
2026-01-22 07:35:02,640 | INFO | app | [ENV] Workflow running in ENV=LIVE
2026-01-22 07:35:02,645 | INFO | app | [ARCHIVE] No COMPLETE orders eligible for archiving.
2026-01-22 07:35:02,645 | INFO | app | [MAINT] No run history eligible for purging.
2026-01-22 07:35:03,384 | INFO | job_p4 | Existing Plant4 job found for SO 250351: 907108
2026-01-22 07:35:03,442 | INFO | app | [Phase2B FETCH] so4=250351 job=907108 rows=1 groups=['P4-PF']
2026-01-22 07:35:03,443 | INFO | app | [Phase2B] WAITING_POLYTEX_RECONFIRM: so4=250351 job=907108 item=16P4-2300-JMS01-0078 reqgroup=P4-PF snapshot_qty=410364.0 pvreq_qty=410364.0 (PV_Req unchanged; skipping Phase2B)
2026-01-22 07:35:03,468 | INFO | eligibility | Eligible LWS SOs since 12/26/2025: 200
2026-01-22 07:35:03,540 | INFO | app | [REMOVED] Skipping removed orders: [250666, 250506, 250504]
2026-01-22 07:35:03,622 | INFO | job_p4 | Existing Plant4 job found for SO 251207: 907822
2026-01-22 07:35:03,640 | ERROR | app | PRINTED_FILM_MISMATCH: SO=251207 BASE=2300-ALP41-0012 Expected=16P4-2300-ALP41-0012 InvalidPrinted=['16P4-2300-ALP41-0015'] AllPrinted=['16P4-2300-ALP41-0015']
2026-01-22 07:35:03,653 | INFO | app | [FILM VALIDATION EMAIL] Duplicate suppressed for SO=251207 (sent_ts=2026-01-21T18:45:17) sig=3fe6ccf6f4243f41e8ea5963ac0724f88a2856f0
2026-01-22 07:35:03,653 | ERROR | app | Order 251207 FAILED at REQS_P4: PRINTED_FILM_MISMATCH: SO=251207 BASE=2300-ALP41-0012 Expected=16P4-2300-ALP41-0012 InvalidPrinted=['16P4-2300-ALP41-0015'] AllPrinted=['16P4-2300-ALP41-0015']
2026-01-22 07:35:03,672 | INFO | app | [FAIL EMAIL] Skipping duplicate failure email for SO 251207 (same signature).
2026-01-22 07:35:04,143 | INFO | job_p4 | Existing Plant4 job found for SO 251044: 907736
2026-01-22 07:35:04,162 | INFO | app | [FILM VALIDATION ✅] so=251044 base=2300-ALP41-0015 expected=16P4-2300-ALP41-0015 printed_found=['16P4-2300-ALP41-0015']
2026-01-22 07:35:04,469 | INFO | job_p4 | Existing Plant4 job found for SO 251043: 907737
2026-01-22 07:35:04,487 | INFO | app | [FILM VALIDATION ✅] so=251043 base=2300-ALP41-0016 expected=16P4-2300-ALP41-0016 printed_found=['16P4-2300-ALP41-0016']
2026-01-22 07:45:02,643 | INFO | app | [ENV] Workflow running in ENV=LIVE
2026-01-22 07:45:02,660 | INFO | app | [ARCHIVE] No COMPLETE orders eligible for archiving.
2026-01-22 07:45:02,661 | INFO | app | [MAINT] No run history eligible for purging.
2026-01-22 07:45:03,116 | INFO | job_p4 | Existing Plant4 job found for SO 250351: 907108
2026-01-22 07:45:03,170 | INFO | app | [Phase2B FETCH] so4=250351 job=907108 rows=1 groups=['P4-PF']
2026-01-22 07:45:03,170 | INFO | app | [Phase2B] WAITING_POLYTEX_RECONFIRM: so4=250351 job=907108 item=16P4-2300-JMS01-0078 reqgroup=P4-PF snapshot_qty=410364.0 pvreq_qty=410364.0 (PV_Req unchanged; skipping Phase2B)
2026-01-22 07:45:03,194 | INFO | eligibility | Eligible LWS SOs since 12/26/2025: 200
2026-01-22 07:45:03,275 | INFO | app | [REMOVED] Skipping removed orders: [250666, 250506, 250504]
2026-01-22 07:45:03,331 | INFO | job_p4 | Existing Plant4 job found for SO 251207: 907822
2026-01-22 07:45:03,351 | ERROR | app | PRINTED_FILM_MISMATCH: SO=251207 BASE=2300-ALP41-0012 Expected=16P4-2300-ALP41-0012 InvalidPrinted=['16P4-2300-ALP41-0015'] AllPrinted=['16P4-2300-ALP41-0015']
2026-01-22 07:45:03,366 | INFO | app | [FILM VALIDATION EMAIL] Duplicate suppressed for SO=251207 (sent_ts=2026-01-21T18:45:17) sig=3fe6ccf6f4243f41e8ea5963ac0724f88a2856f0
2026-01-22 07:45:03,366 | ERROR | app | Order 251207 FAILED at REQS_P4: PRINTED_FILM_MISMATCH: SO=251207 BASE=2300-ALP41-0012 Expected=16P4-2300-ALP41-0012 InvalidPrinted=['16P4-2300-ALP41-0015'] AllPrinted=['16P4-2300-ALP41-0015']
2026-01-22 07:45:03,384 | INFO | app | [FAIL EMAIL] Skipping duplicate failure email for SO 251207 (same signature).
2026-01-22 07:45:03,699 | INFO | job_p4 | Existing Plant4 job found for SO 251044: 907736
2026-01-22 07:45:03,718 | INFO | app | [FILM VALIDATION ✅] so=251044 base=2300-ALP41-0015 expected=16P4-2300-ALP41-0015 printed_found=['16P4-2300-ALP41-0015']
2026-01-22 07:45:03,948 | INFO | job_p4 | Existing Plant4 job found for SO 251043: 907737
2026-01-22 07:45:03,964 | INFO | app | [FILM VALIDATION ✅] so=251043 base=2300-ALP41-0016 expected=16P4-2300-ALP41-0016 printed_found=['16P4-2300-ALP41-0016']
2026-01-22 07:55:02,691 | INFO | app | [ENV] Workflow running in ENV=LIVE
2026-01-22 07:55:02,696 | INFO | app | [ARCHIVE] No COMPLETE orders eligible for archiving.
2026-01-22 07:55:02,696 | INFO | app | [MAINT] No run history eligible for purging.
2026-01-22 07:55:03,105 | INFO | job_p4 | Existing Plant4 job found for SO 250351: 907108
2026-01-22 07:55:03,146 | INFO | app | [Phase2B FETCH] so4=250351 job=907108 rows=1 groups=['P4-PF']
2026-01-22 07:55:03,146 | INFO | app | [Phase2B] WAITING_POLYTEX_RECONFIRM: so4=250351 job=907108 item=16P4-2300-JMS01-0078 reqgroup=P4-PF snapshot_qty=410364.0 pvreq_qty=410364.0 (PV_Req unchanged; skipping Phase2B)
2026-01-22 07:55:03,169 | INFO | eligibility | Eligible LWS SOs since 12/26/2025: 200
2026-01-22 07:55:03,237 | INFO | app | [REMOVED] Skipping removed orders: [250666, 250506, 250504]
2026-01-22 07:55:03,318 | INFO | job_p4 | Existing Plant4 job found for SO 251207: 907822
2026-01-22 07:55:03,352 | ERROR | app | PRINTED_FILM_MISMATCH: SO=251207 BASE=2300-ALP41-0012 Expected=16P4-2300-ALP41-0012 InvalidPrinted=['16P4-2300-ALP41-0015'] AllPrinted=['16P4-2300-ALP41-0015']
2026-01-22 07:55:03,369 | INFO | app | [FILM VALIDATION EMAIL] Duplicate suppressed for SO=251207 (sent_ts=2026-01-21T18:45:17) sig=3fe6ccf6f4243f41e8ea5963ac0724f88a2856f0
2026-01-22 07:55:03,369 | ERROR | app | Order 251207 FAILED at REQS_P4: PRINTED_FILM_MISMATCH: SO=251207 BASE=2300-ALP41-0012 Expected=16P4-2300-ALP41-0012 InvalidPrinted=['16P4-2300-ALP41-0015'] AllPrinted=['16P4-2300-ALP41-0015']
2026-01-22 07:55:03,411 | INFO | app | [FAIL EMAIL] Skipping duplicate failure email for SO 251207 (same signature).
2026-01-22 07:55:03,809 | INFO | job_p4 | Existing Plant4 job found for SO 251044: 907736
2026-01-22 07:55:03,850 | INFO | app | [FILM VALIDATION ✅] so=251044 base=2300-ALP41-0015 expected=16P4-2300-ALP41-0015 printed_found=['16P4-2300-ALP41-0015']
2026-01-22 07:55:04,223 | INFO | job_p4 | Existing Plant4 job found for SO 251043: 907737
2026-01-22 07:55:04,251 | INFO | app | [FILM VALIDATION ✅] so=251043 base=2300-ALP41-0016 expected=16P4-2300-ALP41-0016 printed_found=['16P4-2300-ALP41-0016']
2026-01-22 08:05:02,803 | INFO | app | [ENV] Workflow running in ENV=LIVE
2026-01-22 08:05:02,808 | INFO | app | [ARCHIVE] No COMPLETE orders eligible for archiving.
2026-01-22 08:05:02,808 | INFO | app | [MAINT] No run history eligible for purging.
2026-01-22 08:05:03,337 | INFO | job_p4 | Existing Plant4 job found for SO 250351: 907108
2026-01-22 08:05:03,405 | INFO | app | [Phase2B FETCH] so4=250351 job=907108 rows=1 groups=['P4-PF']
2026-01-22 08:05:03,405 | INFO | app | [Phase2B] WAITING_POLYTEX_RECONFIRM: so4=250351 job=907108 item=16P4-2300-JMS01-0078 reqgroup=P4-PF snapshot_qty=410364.0 pvreq_qty=410364.0 (PV_Req unchanged; skipping Phase2B)
2026-01-22 08:05:03,433 | INFO | eligibility | Eligible LWS SOs since 12/26/2025: 200
2026-01-22 08:05:03,506 | INFO | app | [REMOVED] Skipping removed orders: [250666, 250506, 250504]
2026-01-22 08:05:03,606 | INFO | job_p4 | Existing Plant4 job found for SO 251207: 907822
2026-01-22 08:05:03,647 | ERROR | app | PRINTED_FILM_MISMATCH: SO=251207 BASE=2300-ALP41-0012 Expected=16P4-2300-ALP41-0012 InvalidPrinted=['16P4-2300-ALP41-0015'] AllPrinted=['16P4-2300-ALP41-0015']
2026-01-22 08:05:03,674 | INFO | app | [FILM VALIDATION EMAIL] Duplicate suppressed for SO=251207 (sent_ts=2026-01-21T18:45:17) sig=3fe6ccf6f4243f41e8ea5963ac0724f88a2856f0
2026-01-22 08:05:03,674 | ERROR | app | Order 251207 FAILED at REQS_P4: PRINTED_FILM_MISMATCH: SO=251207 BASE=2300-ALP41-0012 Expected=16P4-2300-ALP41-0012 InvalidPrinted=['16P4-2300-ALP41-0015'] AllPrinted=['16P4-2300-ALP41-0015']
2026-01-22 08:05:03,691 | INFO | app | [FAIL EMAIL] Skipping duplicate failure email for SO 251207 (same signature).
2026-01-22 08:05:04,107 | INFO | job_p4 | Existing Plant4 job found for SO 251044: 907736
2026-01-22 08:05:04,129 | INFO | app | [FILM VALIDATION ✅] so=251044 base=2300-ALP41-0015 expected=16P4-2300-ALP41-0015 printed_found=['16P4-2300-ALP41-0015']
2026-01-22 08:05:04,596 | INFO | job_p4 | Existing Plant4 job found for SO 251043: 907737
2026-01-22 08:05:04,613 | INFO | app | [FILM VALIDATION ✅] so=251043 base=2300-ALP41-0016 expected=16P4-2300-ALP41-0016 printed_found=['16P4-2300-ALP41-0016']
2026-01-22 08:15:02,767 | INFO | app | [ENV] Workflow running in ENV=LIVE
2026-01-22 08:15:02,772 | INFO | app | [ARCHIVE] No COMPLETE orders eligible for archiving.
2026-01-22 08:15:02,772 | INFO | app | [MAINT] No run history eligible for purging.
2026-01-22 08:15:03,213 | INFO | job_p4 | Existing Plant4 job found for SO 250351: 907108
2026-01-22 08:15:03,268 | INFO | app | [Phase2B FETCH] so4=250351 job=907108 rows=1 groups=['P4-PF']
2026-01-22 08:15:03,268 | INFO | app | [Phase2B] WAITING_POLYTEX_RECONFIRM: so4=250351 job=907108 item=16P4-2300-JMS01-0078 reqgroup=P4-PF snapshot_qty=410364.0 pvreq_qty=410364.0 (PV_Req unchanged; skipping Phase2B)
2026-01-22 08:15:03,290 | INFO | eligibility | Eligible LWS SOs since 12/26/2025: 200
2026-01-22 08:15:03,358 | INFO | app | [REMOVED] Skipping removed orders: [250666, 250506, 250504]
2026-01-22 08:15:03,439 | INFO | job_p4 | Existing Plant4 job found for SO 251207: 907822
2026-01-22 08:15:03,455 | INFO | app | [FILM VALIDATION ✅] so=251207 base=2300-ALP41-0012 expected=16P4-2300-ALP41-0012 printed_found=['16P4-2300-ALP41-0012']
2026-01-22 08:15:04,843 | INFO | app | Forced Plant2 SO 251212 to AUTHORIZED (sorderstat=0).
2026-01-22 08:15:04,847 | INFO | app | Set PolyTex PO 246708 to CONFIRMED (porderstat=2).
2026-01-22 08:15:04,977 | INFO | app | ShipReq SO 251212: ShippingRef resolved to 'ALP237'
2026-01-22 08:15:04,977 | INFO | app | Creating ShipReq for Plant2 SO 251212 (item=1600-2300-ALP41-0012, qty=518173.0, ship_date=2026-02-03)
2026-01-22 08:15:05,023 | INFO | app | ShipReq created for SO 251212: ShipReqNum=574609
2026-01-22 08:15:05,057 | INFO | job_p2 | Creating Plant2 job for SO 251212
2026-01-22 08:15:06,748 | INFO | job_p4 | Existing Plant4 job found for SO 251044: 907736
2026-01-22 08:15:06,770 | INFO | app | [FILM VALIDATION ✅] so=251044 base=2300-ALP41-0015 expected=16P4-2300-ALP41-0015 printed_found=['16P4-2300-ALP41-0015']
2026-01-22 08:15:07,135 | INFO | job_p4 | Existing Plant4 job found for SO 251043: 907737
2026-01-22 08:15:07,153 | INFO | app | [FILM VALIDATION ✅] so=251043 base=2300-ALP41-0016 expected=16P4-2300-ALP41-0016 printed_found=['16P4-2300-ALP41-0016']
2026-01-22 08:25:02,587 | INFO | app | [ENV] Workflow running in ENV=LIVE
2026-01-22 08:25:02,591 | INFO | app | [ARCHIVE] No COMPLETE orders eligible for archiving.
2026-01-22 08:25:02,592 | INFO | app | [MAINT] No run history eligible for purging.
2026-01-22 08:25:03,036 | INFO | job_p4 | Existing Plant4 job found for SO 250351: 907108
2026-01-22 08:25:03,088 | INFO | app | [Phase2B FETCH] so4=250351 job=907108 rows=1 groups=['P4-PF']
2026-01-22 08:25:03,089 | INFO | app | [Phase2B] WAITING_POLYTEX_RECONFIRM: so4=250351 job=907108 item=16P4-2300-JMS01-0078 reqgroup=P4-PF snapshot_qty=410364.0 pvreq_qty=410364.0 (PV_Req unchanged; skipping Phase2B)
2026-01-22 08:25:03,115 | INFO | eligibility | Eligible LWS SOs since 12/26/2025: 200
2026-01-22 08:25:03,185 | INFO | app | [REMOVED] Skipping removed orders: [250666, 250506, 250504]
2026-01-22 08:25:03,275 | INFO | job_p4 | Existing Plant4 job found for SO 251207: 907822
2026-01-22 08:25:03,298 | INFO | app | [FILM VALIDATION ✅] so=251207 base=2300-ALP41-0012 expected=16P4-2300-ALP41-0012 printed_found=['16P4-2300-ALP41-0012']
2026-01-22 08:25:03,476 | INFO | app | Forced Plant2 SO 251212 to AUTHORIZED (sorderstat=0).
2026-01-22 08:25:03,479 | INFO | app | Set PolyTex PO 246708 to CONFIRMED (porderstat=2).
2026-01-22 08:25:03,516 | INFO | app | ShipReq already exists for Plant2 SO 251212: ShipReqNum=574609 (skip create)
2026-01-22 08:25:03,525 | INFO | job_p2 | Existing Plant2 job found for SO 251212: 907840
2026-01-22 08:25:03,989 | INFO | job_p4 | Existing Plant4 job found for SO 251044: 907736
2026-01-22 08:25:04,010 | INFO | app | [FILM VALIDATION ✅] so=251044 base=2300-ALP41-0015 expected=16P4-2300-ALP41-0015 printed_found=['16P4-2300-ALP41-0015']
2026-01-22 08:25:04,308 | INFO | job_p4 | Existing Plant4 job found for SO 251043: 907737
2026-01-22 08:25:04,328 | INFO | app | [FILM VALIDATION ✅] so=251043 base=2300-ALP41-0016 expected=16P4-2300-ALP41-0016 printed_found=['16P4-2300-ALP41-0016']
2026-01-22 08:35:02,582 | INFO | app | [ENV] Workflow running in ENV=LIVE
2026-01-22 08:35:02,587 | INFO | app | [ARCHIVE] No COMPLETE orders eligible for archiving.
2026-01-22 08:35:02,588 | INFO | app | [MAINT] No run history eligible for purging.
2026-01-22 08:35:03,135 | INFO | job_p4 | Existing Plant4 job found for SO 250351: 907108
2026-01-22 08:35:03,195 | INFO | app | [Phase2B FETCH] so4=250351 job=907108 rows=1 groups=['P4-PF']
2026-01-22 08:35:03,196 | INFO | app | [Phase2B] WAITING_POLYTEX_RECONFIRM: so4=250351 job=907108 item=16P4-2300-JMS01-0078 reqgroup=P4-PF snapshot_qty=410364.0 pvreq_qty=410364.0 (PV_Req unchanged; skipping Phase2B)
2026-01-22 08:35:03,217 | INFO | eligibility | Eligible LWS SOs since 12/26/2025: 200
2026-01-22 08:35:03,285 | INFO | app | [REMOVED] Skipping removed orders: [250666, 250506, 250504]
2026-01-22 08:35:03,752 | INFO | job_p4 | Existing Plant4 job found for SO 251044: 907736
2026-01-22 08:35:03,798 | INFO | app | [FILM VALIDATION ✅] so=251044 base=2300-ALP41-0015 expected=16P4-2300-ALP41-0015 printed_found=['16P4-2300-ALP41-0015']
2026-01-22 08:35:04,057 | INFO | job_p4 | Existing Plant4 job found for SO 251043: 907737
2026-01-22 08:35:04,076 | INFO | app | [FILM VALIDATION ✅] so=251043 base=2300-ALP41-0016 expected=16P4-2300-ALP41-0016 printed_found=['16P4-2300-ALP41-0016']
2026-01-22 08:45:02,857 | INFO | app | [ENV] Workflow running in ENV=LIVE
2026-01-22 08:45:02,861 | INFO | app | [ARCHIVE] No COMPLETE orders eligible for archiving.
2026-01-22 08:45:02,861 | INFO | app | [MAINT] No run history eligible for purging.
2026-01-22 08:45:03,665 | INFO | job_p4 | Existing Plant4 job found for SO 250351: 907108
2026-01-22 08:45:03,715 | INFO | app | [Phase2B FETCH] so4=250351 job=907108 rows=1 groups=['P4-PF']
2026-01-22 08:45:03,715 | INFO | app | [Phase2B] WAITING_POLYTEX_RECONFIRM: so4=250351 job=907108 item=16P4-2300-JMS01-0078 reqgroup=P4-PF snapshot_qty=410364.0 pvreq_qty=410364.0 (PV_Req unchanged; skipping Phase2B)
2026-01-22 08:45:03,742 | INFO | eligibility | Eligible LWS SOs since 12/26/2025: 200
2026-01-22 08:45:03,813 | INFO | app | [REMOVED] Skipping removed orders: [250666, 250506, 250504]
2026-01-22 08:45:04,363 | INFO | job_p4 | Existing Plant4 job found for SO 251044: 907736
2026-01-22 08:45:04,378 | INFO | app | [FILM VALIDATION ✅] so=251044 base=2300-ALP41-0015 expected=16P4-2300-ALP41-0015 printed_found=['16P4-2300-ALP41-0015']
2026-01-22 08:45:04,711 | INFO | job_p4 | Existing Plant4 job found for SO 251043: 907737
2026-01-22 08:45:04,744 | INFO | app | [FILM VALIDATION ✅] so=251043 base=2300-ALP41-0016 expected=16P4-2300-ALP41-0016 printed_found=['16P4-2300-ALP41-0016']
2026-01-22 08:55:02,614 | INFO | app | [ENV] Workflow running in ENV=LIVE
2026-01-22 08:55:02,619 | INFO | app | [ARCHIVE] No COMPLETE orders eligible for archiving.
2026-01-22 08:55:02,620 | INFO | app | [MAINT] No run history eligible for purging.
2026-01-22 08:55:03,196 | INFO | job_p4 | Existing Plant4 job found for SO 250351: 907108
2026-01-22 08:55:03,484 | INFO | app | [Phase2B FETCH] so4=250351 job=907108 rows=1 groups=['P4-PF']
2026-01-22 08:55:03,484 | INFO | app | [Phase2B] WAITING_POLYTEX_RECONFIRM: so4=250351 job=907108 item=16P4-2300-JMS01-0078 reqgroup=P4-PF snapshot_qty=410364.0 pvreq_qty=410364.0 (PV_Req unchanged; skipping Phase2B)
2026-01-22 08:55:03,514 | INFO | eligibility | Eligible LWS SOs since 12/26/2025: 200
2026-01-22 08:55:03,582 | INFO | app | [REMOVED] Skipping removed orders: [250666, 250506, 250504]
2026-01-22 08:55:04,483 | INFO | job_p4 | Existing Plant4 job found for SO 251044: 907736
2026-01-22 08:55:04,541 | INFO | app | [FILM VALIDATION ✅] so=251044 base=2300-ALP41-0015 expected=16P4-2300-ALP41-0015 printed_found=['16P4-2300-ALP41-0015']
2026-01-22 08:55:04,896 | INFO | job_p4 | Existing Plant4 job found for SO 251043: 907737
2026-01-22 08:55:04,939 | INFO | app | [FILM VALIDATION ✅] so=251043 base=2300-ALP41-0016 expected=16P4-2300-ALP41-0016 printed_found=['16P4-2300-ALP41-0016']
2026-01-22 09:05:02,551 | INFO | app | [ENV] Workflow running in ENV=LIVE
2026-01-22 09:05:02,556 | INFO | app | [ARCHIVE] No COMPLETE orders eligible for archiving.
2026-01-22 09:05:02,557 | INFO | app | [MAINT] No run history eligible for purging.
2026-01-22 09:05:03,060 | INFO | job_p4 | Existing Plant4 job found for SO 250351: 907108
2026-01-22 09:05:03,133 | INFO | app | [Phase2B FETCH] so4=250351 job=907108 rows=1 groups=['P4-PF']
2026-01-22 09:05:03,134 | INFO | app | [Phase2B] WAITING_POLYTEX_RECONFIRM: so4=250351 job=907108 item=16P4-2300-JMS01-0078 reqgroup=P4-PF snapshot_qty=410364.0 pvreq_qty=410364.0 (PV_Req unchanged; skipping Phase2B)
2026-01-22 09:05:03,154 | INFO | eligibility | Eligible LWS SOs since 12/26/2025: 200
2026-01-22 09:05:03,224 | INFO | app | [REMOVED] Skipping removed orders: [250666, 250506, 250504]
2026-01-22 09:05:03,770 | INFO | job_p4 | Existing Plant4 job found for SO 251044: 907736
2026-01-22 09:05:03,800 | INFO | app | [FILM VALIDATION ✅] so=251044 base=2300-ALP41-0015 expected=16P4-2300-ALP41-0015 printed_found=['16P4-2300-ALP41-0015']
2026-01-22 09:05:04,127 | INFO | job_p4 | Existing Plant4 job found for SO 251043: 907737
2026-01-22 09:05:04,159 | INFO | app | [FILM VALIDATION ✅] so=251043 base=2300-ALP41-0016 expected=16P4-2300-ALP41-0016 printed_found=['16P4-2300-ALP41-0016']
2026-01-22 09:15:02,602 | INFO | app | [ENV] Workflow running in ENV=LIVE
2026-01-22 09:15:02,607 | INFO | app | [ARCHIVE] No COMPLETE orders eligible for archiving.
2026-01-22 09:15:02,608 | INFO | app | [MAINT] No run history eligible for purging.
2026-01-22 09:15:03,078 | INFO | job_p4 | Existing Plant4 job found for SO 250351: 907108
2026-01-22 09:15:03,145 | INFO | app | [Phase2B FETCH] so4=250351 job=907108 rows=1 groups=['P4-PF']
2026-01-22 09:15:03,145 | INFO | app | [Phase2B] WAITING_POLYTEX_RECONFIRM: so4=250351 job=907108 item=16P4-2300-JMS01-0078 reqgroup=P4-PF snapshot_qty=410364.0 pvreq_qty=410364.0 (PV_Req unchanged; skipping Phase2B)
2026-01-22 09:15:03,179 | INFO | eligibility | Eligible LWS SOs since 12/26/2025: 200
2026-01-22 09:15:03,247 | INFO | app | [REMOVED] Skipping removed orders: [250666, 250506, 250504]
2026-01-22 09:15:03,669 | INFO | job_p4 | Existing Plant4 job found for SO 251044: 907736
2026-01-22 09:15:03,714 | INFO | app | [FILM VALIDATION ✅] so=251044 base=2300-ALP41-0015 expected=16P4-2300-ALP41-0015 printed_found=['16P4-2300-ALP41-0015']
2026-01-22 09:15:04,087 | INFO | job_p4 | Existing Plant4 job found for SO 251043: 907737
2026-01-22 09:15:04,107 | INFO | app | [FILM VALIDATION ✅] so=251043 base=2300-ALP41-0016 expected=16P4-2300-ALP41-0016 printed_found=['16P4-2300-ALP41-0016']
